<?xml version="1.0" encoding="UTF-8"?>
<testsuite xmlns:xsi="http://www.w3.org/2001/XMLSchema-instance" xsi:noNamespaceSchemaLocation="https://maven.apache.org/surefire/maven-surefire-plugin/xsd/surefire-test-report-3.0.xsd" version="3.0" name="runner.TestRunner" time="18.027" tests="5" errors="0" skipped="0" failures="2">
  <properties>
    <property name="java.specification.version" value="22"/>
    <property name="sun.jnu.encoding" value="UTF-8"/>
    <property name="java.class.path" value="/Users/abhishekauti/eclipse-workspace/bddTestNG/target/test-classes:/Users/abhishekauti/eclipse-workspace/bddTestNG/target/classes:/Users/abhishekauti/.m2/repository/org/testng/testng/7.10.2/testng-7.10.2.jar:/Users/abhishekauti/.m2/repository/org/slf4j/slf4j-api/1.7.36/slf4j-api-1.7.36.jar:/Users/abhishekauti/.m2/repository/com/beust/jcommander/1.82/jcommander-1.82.jar:/Users/abhishekauti/.m2/repository/org/webjars/jquery/3.7.1/jquery-3.7.1.jar:/Users/abhishekauti/.m2/repository/io/cucumber/cucumber-testng/7.20.1/cucumber-testng-7.20.1.jar:/Users/abhishekauti/.m2/repository/org/apiguardian/apiguardian-api/1.1.2/apiguardian-api-1.1.2.jar:/Users/abhishekauti/.m2/repository/io/cucumber/cucumber-core/7.20.1/cucumber-core-7.20.1.jar:/Users/abhishekauti/.m2/repository/io/cucumber/cucumber-gherkin/7.20.1/cucumber-gherkin-7.20.1.jar:/Users/abhishekauti/.m2/repository/io/cucumber/cucumber-gherkin-messages/7.20.1/cucumber-gherkin-messages-7.20.1.jar:/Users/abhishekauti/.m2/repository/io/cucumber/gherkin/28.0.0/gherkin-28.0.0.jar:/Users/abhishekauti/.m2/repository/io/cucumber/messages/24.1.0/messages-24.1.0.jar:/Users/abhishekauti/.m2/repository/io/cucumber/testng-xml-formatter/0.2.0/testng-xml-formatter-0.2.0.jar:/Users/abhishekauti/.m2/repository/io/cucumber/query/12.2.0/query-12.2.0.jar:/Users/abhishekauti/.m2/repository/io/cucumber/tag-expressions/6.1.0/tag-expressions-6.1.0.jar:/Users/abhishekauti/.m2/repository/io/cucumber/cucumber-expressions/17.1.0/cucumber-expressions-17.1.0.jar:/Users/abhishekauti/.m2/repository/io/cucumber/datatable/7.20.1/datatable-7.20.1.jar:/Users/abhishekauti/.m2/repository/io/cucumber/cucumber-plugin/7.20.1/cucumber-plugin-7.20.1.jar:/Users/abhishekauti/.m2/repository/io/cucumber/docstring/7.20.1/docstring-7.20.1.jar:/Users/abhishekauti/.m2/repository/io/cucumber/html-formatter/21.7.0/html-formatter-21.7.0.jar:/Users/abhishekauti/.m2/repository/io/cucumber/junit-xml-formatter/0.5.0/junit-xml-formatter-0.5.0.jar:/Users/abhishekauti/.m2/repository/io/cucumber/ci-environment/10.0.1/ci-environment-10.0.1.jar:/Users/abhishekauti/.m2/repository/io/cucumber/cucumber-java/7.20.1/cucumber-java-7.20.1.jar:/Users/abhishekauti/.m2/repository/org/seleniumhq/selenium/selenium-java/4.25.0/selenium-java-4.25.0.jar:/Users/abhishekauti/.m2/repository/org/seleniumhq/selenium/selenium-api/4.25.0/selenium-api-4.25.0.jar:/Users/abhishekauti/.m2/repository/org/jspecify/jspecify/1.0.0/jspecify-1.0.0.jar:/Users/abhishekauti/.m2/repository/org/seleniumhq/selenium/selenium-chrome-driver/4.25.0/selenium-chrome-driver-4.25.0.jar:/Users/abhishekauti/.m2/repository/com/google/auto/service/auto-service-annotations/1.1.1/auto-service-annotations-1.1.1.jar:/Users/abhishekauti/.m2/repository/org/seleniumhq/selenium/selenium-chromium-driver/4.25.0/selenium-chromium-driver-4.25.0.jar:/Users/abhishekauti/.m2/repository/org/seleniumhq/selenium/selenium-json/4.25.0/selenium-json-4.25.0.jar:/Users/abhishekauti/.m2/repository/org/seleniumhq/selenium/selenium-manager/4.25.0/selenium-manager-4.25.0.jar:/Users/abhishekauti/.m2/repository/org/seleniumhq/selenium/selenium-devtools-v127/4.25.0/selenium-devtools-v127-4.25.0.jar:/Users/abhishekauti/.m2/repository/org/seleniumhq/selenium/selenium-devtools-v128/4.25.0/selenium-devtools-v128-4.25.0.jar:/Users/abhishekauti/.m2/repository/org/seleniumhq/selenium/selenium-devtools-v129/4.25.0/selenium-devtools-v129-4.25.0.jar:/Users/abhishekauti/.m2/repository/org/seleniumhq/selenium/selenium-devtools-v85/4.25.0/selenium-devtools-v85-4.25.0.jar:/Users/abhishekauti/.m2/repository/org/seleniumhq/selenium/selenium-edge-driver/4.25.0/selenium-edge-driver-4.25.0.jar:/Users/abhishekauti/.m2/repository/org/seleniumhq/selenium/selenium-firefox-driver/4.25.0/selenium-firefox-driver-4.25.0.jar:/Users/abhishekauti/.m2/repository/org/seleniumhq/selenium/selenium-http/4.25.0/selenium-http-4.25.0.jar:/Users/abhishekauti/.m2/repository/dev/failsafe/failsafe/3.3.2/failsafe-3.3.2.jar:/Users/abhishekauti/.m2/repository/org/seleniumhq/selenium/selenium-ie-driver/4.25.0/selenium-ie-driver-4.25.0.jar:/Users/abhishekauti/.m2/repository/org/seleniumhq/selenium/selenium-remote-driver/4.25.0/selenium-remote-driver-4.25.0.jar:/Users/abhishekauti/.m2/repository/com/google/guava/guava/33.3.0-jre/guava-33.3.0-jre.jar:/Users/abhishekauti/.m2/repository/com/google/guava/failureaccess/1.0.2/failureaccess-1.0.2.jar:/Users/abhishekauti/.m2/repository/com/google/guava/listenablefuture/9999.0-empty-to-avoid-conflict-with-guava/listenablefuture-9999.0-empty-to-avoid-conflict-with-guava.jar:/Users/abhishekauti/.m2/repository/com/google/code/findbugs/jsr305/3.0.2/jsr305-3.0.2.jar:/Users/abhishekauti/.m2/repository/org/checkerframework/checker-qual/3.43.0/checker-qual-3.43.0.jar:/Users/abhishekauti/.m2/repository/com/google/errorprone/error_prone_annotations/2.28.0/error_prone_annotations-2.28.0.jar:/Users/abhishekauti/.m2/repository/com/google/j2objc/j2objc-annotations/3.0.0/j2objc-annotations-3.0.0.jar:/Users/abhishekauti/.m2/repository/io/opentelemetry/semconv/opentelemetry-semconv/1.25.0-alpha/opentelemetry-semconv-1.25.0-alpha.jar:/Users/abhishekauti/.m2/repository/io/opentelemetry/opentelemetry-api/1.42.1/opentelemetry-api-1.42.1.jar:/Users/abhishekauti/.m2/repository/io/opentelemetry/opentelemetry-context/1.42.1/opentelemetry-context-1.42.1.jar:/Users/abhishekauti/.m2/repository/io/opentelemetry/opentelemetry-exporter-logging/1.42.1/opentelemetry-exporter-logging-1.42.1.jar:/Users/abhishekauti/.m2/repository/io/opentelemetry/opentelemetry-sdk-common/1.42.1/opentelemetry-sdk-common-1.42.1.jar:/Users/abhishekauti/.m2/repository/io/opentelemetry/opentelemetry-sdk-extension-autoconfigure-spi/1.42.1/opentelemetry-sdk-extension-autoconfigure-spi-1.42.1.jar:/Users/abhishekauti/.m2/repository/io/opentelemetry/opentelemetry-sdk-extension-autoconfigure/1.42.1/opentelemetry-sdk-extension-autoconfigure-1.42.1.jar:/Users/abhishekauti/.m2/repository/io/opentelemetry/opentelemetry-api-incubator/1.42.1-alpha/opentelemetry-api-incubator-1.42.1-alpha.jar:/Users/abhishekauti/.m2/repository/io/opentelemetry/opentelemetry-sdk-trace/1.42.1/opentelemetry-sdk-trace-1.42.1.jar:/Users/abhishekauti/.m2/repository/io/opentelemetry/opentelemetry-sdk/1.42.1/opentelemetry-sdk-1.42.1.jar:/Users/abhishekauti/.m2/repository/io/opentelemetry/opentelemetry-sdk-metrics/1.42.1/opentelemetry-sdk-metrics-1.42.1.jar:/Users/abhishekauti/.m2/repository/io/opentelemetry/opentelemetry-sdk-logs/1.42.1/opentelemetry-sdk-logs-1.42.1.jar:/Users/abhishekauti/.m2/repository/net/bytebuddy/byte-buddy/1.15.1/byte-buddy-1.15.1.jar:/Users/abhishekauti/.m2/repository/org/seleniumhq/selenium/selenium-os/4.25.0/selenium-os-4.25.0.jar:/Users/abhishekauti/.m2/repository/org/apache/commons/commons-exec/1.4.0/commons-exec-1.4.0.jar:/Users/abhishekauti/.m2/repository/org/seleniumhq/selenium/selenium-safari-driver/4.25.0/selenium-safari-driver-4.25.0.jar:/Users/abhishekauti/.m2/repository/org/seleniumhq/selenium/selenium-support/4.25.0/selenium-support-4.25.0.jar:/Users/abhishekauti/.m2/repository/org/apache/maven/plugins/maven-surefire-plugin/3.5.1/maven-surefire-plugin-3.5.1.jar:/Users/abhishekauti/.m2/repository/org/apache/maven/surefire/surefire-api/3.5.1/surefire-api-3.5.1.jar:/Users/abhishekauti/.m2/repository/org/apache/maven/surefire/surefire-logger-api/3.5.1/surefire-logger-api-3.5.1.jar:/Users/abhishekauti/.m2/repository/org/apache/maven/surefire/surefire-shared-utils/3.5.1/surefire-shared-utils-3.5.1.jar:/Users/abhishekauti/.m2/repository/org/apache/maven/surefire/surefire-extensions-api/3.5.1/surefire-extensions-api-3.5.1.jar:/Users/abhishekauti/.m2/repository/org/apache/maven/surefire/maven-surefire-common/3.5.1/maven-surefire-common-3.5.1.jar:/Users/abhishekauti/.m2/repository/org/apache/maven/surefire/surefire-booter/3.5.1/surefire-booter-3.5.1.jar:/Users/abhishekauti/.m2/repository/org/apache/maven/surefire/surefire-extensions-spi/3.5.1/surefire-extensions-spi-3.5.1.jar:/Users/abhishekauti/.m2/repository/org/apache/maven/resolver/maven-resolver-util/1.4.1/maven-resolver-util-1.4.1.jar:/Users/abhishekauti/.m2/repository/org/apache/maven/resolver/maven-resolver-api/1.4.1/maven-resolver-api-1.4.1.jar:/Users/abhishekauti/.m2/repository/org/apache/maven/shared/maven-common-artifact-filters/3.4.0/maven-common-artifact-filters-3.4.0.jar:/Users/abhishekauti/.m2/repository/org/codehaus/plexus/plexus-java/1.3.0/plexus-java-1.3.0.jar:/Users/abhishekauti/.m2/repository/org/ow2/asm/asm/9.7/asm-9.7.jar:/Users/abhishekauti/.m2/repository/com/thoughtworks/qdox/qdox/2.1.0/qdox-2.1.0.jar:"/>
    <property name="java.vm.vendor" value="Oracle Corporation"/>
    <property name="sun.arch.data.model" value="64"/>
    <property name="java.vendor.url" value="https://java.oracle.com/"/>
    <property name="user.timezone" value="Asia/Kolkata"/>
    <property name="os.name" value="Mac OS X"/>
    <property name="java.vm.specification.version" value="22"/>
    <property name="sun.java.launcher" value="SUN_STANDARD"/>
    <property name="user.country" value="IN"/>
    <property name="sun.boot.library.path" value="/Library/Java/JavaVirtualMachines/jdk-22.jdk/Contents/Home/lib"/>
    <property name="sun.java.command" value="/Users/abhishekauti/eclipse-workspace/bddTestNG/target/surefire/surefirebooter-20241021011930265_3.jar /Users/abhishekauti/eclipse-workspace/bddTestNG/target/surefire 2024-10-21T01-19-30_201-jvmRun1 surefire-20241021011930265_1tmp surefire_0-20241021011930265_2tmp"/>
    <property name="http.nonProxyHosts" value="local|*.local|169.254/16|*.169.254/16"/>
    <property name="jdk.debug" value="release"/>
    <property name="surefire.test.class.path" value="/Users/abhishekauti/eclipse-workspace/bddTestNG/target/test-classes:/Users/abhishekauti/eclipse-workspace/bddTestNG/target/classes:/Users/abhishekauti/.m2/repository/org/testng/testng/7.10.2/testng-7.10.2.jar:/Users/abhishekauti/.m2/repository/org/slf4j/slf4j-api/1.7.36/slf4j-api-1.7.36.jar:/Users/abhishekauti/.m2/repository/com/beust/jcommander/1.82/jcommander-1.82.jar:/Users/abhishekauti/.m2/repository/org/webjars/jquery/3.7.1/jquery-3.7.1.jar:/Users/abhishekauti/.m2/repository/io/cucumber/cucumber-testng/7.20.1/cucumber-testng-7.20.1.jar:/Users/abhishekauti/.m2/repository/org/apiguardian/apiguardian-api/1.1.2/apiguardian-api-1.1.2.jar:/Users/abhishekauti/.m2/repository/io/cucumber/cucumber-core/7.20.1/cucumber-core-7.20.1.jar:/Users/abhishekauti/.m2/repository/io/cucumber/cucumber-gherkin/7.20.1/cucumber-gherkin-7.20.1.jar:/Users/abhishekauti/.m2/repository/io/cucumber/cucumber-gherkin-messages/7.20.1/cucumber-gherkin-messages-7.20.1.jar:/Users/abhishekauti/.m2/repository/io/cucumber/gherkin/28.0.0/gherkin-28.0.0.jar:/Users/abhishekauti/.m2/repository/io/cucumber/messages/24.1.0/messages-24.1.0.jar:/Users/abhishekauti/.m2/repository/io/cucumber/testng-xml-formatter/0.2.0/testng-xml-formatter-0.2.0.jar:/Users/abhishekauti/.m2/repository/io/cucumber/query/12.2.0/query-12.2.0.jar:/Users/abhishekauti/.m2/repository/io/cucumber/tag-expressions/6.1.0/tag-expressions-6.1.0.jar:/Users/abhishekauti/.m2/repository/io/cucumber/cucumber-expressions/17.1.0/cucumber-expressions-17.1.0.jar:/Users/abhishekauti/.m2/repository/io/cucumber/datatable/7.20.1/datatable-7.20.1.jar:/Users/abhishekauti/.m2/repository/io/cucumber/cucumber-plugin/7.20.1/cucumber-plugin-7.20.1.jar:/Users/abhishekauti/.m2/repository/io/cucumber/docstring/7.20.1/docstring-7.20.1.jar:/Users/abhishekauti/.m2/repository/io/cucumber/html-formatter/21.7.0/html-formatter-21.7.0.jar:/Users/abhishekauti/.m2/repository/io/cucumber/junit-xml-formatter/0.5.0/junit-xml-formatter-0.5.0.jar:/Users/abhishekauti/.m2/repository/io/cucumber/ci-environment/10.0.1/ci-environment-10.0.1.jar:/Users/abhishekauti/.m2/repository/io/cucumber/cucumber-java/7.20.1/cucumber-java-7.20.1.jar:/Users/abhishekauti/.m2/repository/org/seleniumhq/selenium/selenium-java/4.25.0/selenium-java-4.25.0.jar:/Users/abhishekauti/.m2/repository/org/seleniumhq/selenium/selenium-api/4.25.0/selenium-api-4.25.0.jar:/Users/abhishekauti/.m2/repository/org/jspecify/jspecify/1.0.0/jspecify-1.0.0.jar:/Users/abhishekauti/.m2/repository/org/seleniumhq/selenium/selenium-chrome-driver/4.25.0/selenium-chrome-driver-4.25.0.jar:/Users/abhishekauti/.m2/repository/com/google/auto/service/auto-service-annotations/1.1.1/auto-service-annotations-1.1.1.jar:/Users/abhishekauti/.m2/repository/org/seleniumhq/selenium/selenium-chromium-driver/4.25.0/selenium-chromium-driver-4.25.0.jar:/Users/abhishekauti/.m2/repository/org/seleniumhq/selenium/selenium-json/4.25.0/selenium-json-4.25.0.jar:/Users/abhishekauti/.m2/repository/org/seleniumhq/selenium/selenium-manager/4.25.0/selenium-manager-4.25.0.jar:/Users/abhishekauti/.m2/repository/org/seleniumhq/selenium/selenium-devtools-v127/4.25.0/selenium-devtools-v127-4.25.0.jar:/Users/abhishekauti/.m2/repository/org/seleniumhq/selenium/selenium-devtools-v128/4.25.0/selenium-devtools-v128-4.25.0.jar:/Users/abhishekauti/.m2/repository/org/seleniumhq/selenium/selenium-devtools-v129/4.25.0/selenium-devtools-v129-4.25.0.jar:/Users/abhishekauti/.m2/repository/org/seleniumhq/selenium/selenium-devtools-v85/4.25.0/selenium-devtools-v85-4.25.0.jar:/Users/abhishekauti/.m2/repository/org/seleniumhq/selenium/selenium-edge-driver/4.25.0/selenium-edge-driver-4.25.0.jar:/Users/abhishekauti/.m2/repository/org/seleniumhq/selenium/selenium-firefox-driver/4.25.0/selenium-firefox-driver-4.25.0.jar:/Users/abhishekauti/.m2/repository/org/seleniumhq/selenium/selenium-http/4.25.0/selenium-http-4.25.0.jar:/Users/abhishekauti/.m2/repository/dev/failsafe/failsafe/3.3.2/failsafe-3.3.2.jar:/Users/abhishekauti/.m2/repository/org/seleniumhq/selenium/selenium-ie-driver/4.25.0/selenium-ie-driver-4.25.0.jar:/Users/abhishekauti/.m2/repository/org/seleniumhq/selenium/selenium-remote-driver/4.25.0/selenium-remote-driver-4.25.0.jar:/Users/abhishekauti/.m2/repository/com/google/guava/guava/33.3.0-jre/guava-33.3.0-jre.jar:/Users/abhishekauti/.m2/repository/com/google/guava/failureaccess/1.0.2/failureaccess-1.0.2.jar:/Users/abhishekauti/.m2/repository/com/google/guava/listenablefuture/9999.0-empty-to-avoid-conflict-with-guava/listenablefuture-9999.0-empty-to-avoid-conflict-with-guava.jar:/Users/abhishekauti/.m2/repository/com/google/code/findbugs/jsr305/3.0.2/jsr305-3.0.2.jar:/Users/abhishekauti/.m2/repository/org/checkerframework/checker-qual/3.43.0/checker-qual-3.43.0.jar:/Users/abhishekauti/.m2/repository/com/google/errorprone/error_prone_annotations/2.28.0/error_prone_annotations-2.28.0.jar:/Users/abhishekauti/.m2/repository/com/google/j2objc/j2objc-annotations/3.0.0/j2objc-annotations-3.0.0.jar:/Users/abhishekauti/.m2/repository/io/opentelemetry/semconv/opentelemetry-semconv/1.25.0-alpha/opentelemetry-semconv-1.25.0-alpha.jar:/Users/abhishekauti/.m2/repository/io/opentelemetry/opentelemetry-api/1.42.1/opentelemetry-api-1.42.1.jar:/Users/abhishekauti/.m2/repository/io/opentelemetry/opentelemetry-context/1.42.1/opentelemetry-context-1.42.1.jar:/Users/abhishekauti/.m2/repository/io/opentelemetry/opentelemetry-exporter-logging/1.42.1/opentelemetry-exporter-logging-1.42.1.jar:/Users/abhishekauti/.m2/repository/io/opentelemetry/opentelemetry-sdk-common/1.42.1/opentelemetry-sdk-common-1.42.1.jar:/Users/abhishekauti/.m2/repository/io/opentelemetry/opentelemetry-sdk-extension-autoconfigure-spi/1.42.1/opentelemetry-sdk-extension-autoconfigure-spi-1.42.1.jar:/Users/abhishekauti/.m2/repository/io/opentelemetry/opentelemetry-sdk-extension-autoconfigure/1.42.1/opentelemetry-sdk-extension-autoconfigure-1.42.1.jar:/Users/abhishekauti/.m2/repository/io/opentelemetry/opentelemetry-api-incubator/1.42.1-alpha/opentelemetry-api-incubator-1.42.1-alpha.jar:/Users/abhishekauti/.m2/repository/io/opentelemetry/opentelemetry-sdk-trace/1.42.1/opentelemetry-sdk-trace-1.42.1.jar:/Users/abhishekauti/.m2/repository/io/opentelemetry/opentelemetry-sdk/1.42.1/opentelemetry-sdk-1.42.1.jar:/Users/abhishekauti/.m2/repository/io/opentelemetry/opentelemetry-sdk-metrics/1.42.1/opentelemetry-sdk-metrics-1.42.1.jar:/Users/abhishekauti/.m2/repository/io/opentelemetry/opentelemetry-sdk-logs/1.42.1/opentelemetry-sdk-logs-1.42.1.jar:/Users/abhishekauti/.m2/repository/net/bytebuddy/byte-buddy/1.15.1/byte-buddy-1.15.1.jar:/Users/abhishekauti/.m2/repository/org/seleniumhq/selenium/selenium-os/4.25.0/selenium-os-4.25.0.jar:/Users/abhishekauti/.m2/repository/org/apache/commons/commons-exec/1.4.0/commons-exec-1.4.0.jar:/Users/abhishekauti/.m2/repository/org/seleniumhq/selenium/selenium-safari-driver/4.25.0/selenium-safari-driver-4.25.0.jar:/Users/abhishekauti/.m2/repository/org/seleniumhq/selenium/selenium-support/4.25.0/selenium-support-4.25.0.jar:/Users/abhishekauti/.m2/repository/org/apache/maven/plugins/maven-surefire-plugin/3.5.1/maven-surefire-plugin-3.5.1.jar:/Users/abhishekauti/.m2/repository/org/apache/maven/surefire/surefire-api/3.5.1/surefire-api-3.5.1.jar:/Users/abhishekauti/.m2/repository/org/apache/maven/surefire/surefire-logger-api/3.5.1/surefire-logger-api-3.5.1.jar:/Users/abhishekauti/.m2/repository/org/apache/maven/surefire/surefire-shared-utils/3.5.1/surefire-shared-utils-3.5.1.jar:/Users/abhishekauti/.m2/repository/org/apache/maven/surefire/surefire-extensions-api/3.5.1/surefire-extensions-api-3.5.1.jar:/Users/abhishekauti/.m2/repository/org/apache/maven/surefire/maven-surefire-common/3.5.1/maven-surefire-common-3.5.1.jar:/Users/abhishekauti/.m2/repository/org/apache/maven/surefire/surefire-booter/3.5.1/surefire-booter-3.5.1.jar:/Users/abhishekauti/.m2/repository/org/apache/maven/surefire/surefire-extensions-spi/3.5.1/surefire-extensions-spi-3.5.1.jar:/Users/abhishekauti/.m2/repository/org/apache/maven/resolver/maven-resolver-util/1.4.1/maven-resolver-util-1.4.1.jar:/Users/abhishekauti/.m2/repository/org/apache/maven/resolver/maven-resolver-api/1.4.1/maven-resolver-api-1.4.1.jar:/Users/abhishekauti/.m2/repository/org/apache/maven/shared/maven-common-artifact-filters/3.4.0/maven-common-artifact-filters-3.4.0.jar:/Users/abhishekauti/.m2/repository/org/codehaus/plexus/plexus-java/1.3.0/plexus-java-1.3.0.jar:/Users/abhishekauti/.m2/repository/org/ow2/asm/asm/9.7/asm-9.7.jar:/Users/abhishekauti/.m2/repository/com/thoughtworks/qdox/qdox/2.1.0/qdox-2.1.0.jar:"/>
    <property name="sun.cpu.endian" value="little"/>
    <property name="user.home" value="/Users/abhishekauti"/>
    <property name="user.language" value="en"/>
    <property name="java.specification.vendor" value="Oracle Corporation"/>
    <property name="java.version.date" value="2024-07-16"/>
    <property name="java.home" value="/Library/Java/JavaVirtualMachines/jdk-22.jdk/Contents/Home"/>
    <property name="file.separator" value="/"/>
    <property name="basedir" value="/Users/abhishekauti/eclipse-workspace/bddTestNG"/>
    <property name="style.color" value="always"/>
    <property name="java.vm.compressedOopsMode" value="Zero based"/>
    <property name="line.separator" value="&#10;"/>
    <property name="java.vm.specification.vendor" value="Oracle Corporation"/>
    <property name="java.specification.name" value="Java Platform API Specification"/>
    <property name="apple.awt.application.name" value="ForkedBooter"/>
    <property name="surefire.real.class.path" value="/Users/abhishekauti/eclipse-workspace/bddTestNG/target/surefire/surefirebooter-20241021011930265_3.jar"/>
    <property name="sun.management.compiler" value="HotSpot 64-Bit Tiered Compilers"/>
    <property name="ftp.nonProxyHosts" value="local|*.local|169.254/16|*.169.254/16"/>
    <property name="java.runtime.version" value="22.0.2+9-70"/>
    <property name="user.name" value="abhishekauti"/>
    <property name="stdout.encoding" value="UTF-8"/>
    <property name="path.separator" value=":"/>
    <property name="os.version" value="15.0.1"/>
    <property name="java.runtime.name" value="Java(TM) SE Runtime Environment"/>
    <property name="file.encoding" value="UTF-8"/>
    <property name="java.vm.name" value="Java HotSpot(TM) 64-Bit Server VM"/>
    <property name="localRepository" value="/Users/abhishekauti/.m2/repository"/>
    <property name="java.vendor.url.bug" value="https://bugreport.java.com/bugreport/"/>
    <property name="java.io.tmpdir" value="/var/folders/lf/qwrnpw255jvcwspp0hhnj7000000gn/T/"/>
    <property name="java.version" value="22.0.2"/>
    <property name="user.dir" value="/Users/abhishekauti/eclipse-workspace/bddTestNG"/>
    <property name="os.arch" value="aarch64"/>
    <property name="java.vm.specification.name" value="Java Virtual Machine Specification"/>
    <property name="native.encoding" value="UTF-8"/>
    <property name="java.library.path" value="/Users/abhishekauti/Library/Java/Extensions:/Library/Java/Extensions:/Network/Library/Java/Extensions:/System/Library/Java/Extensions:/usr/lib/java:."/>
    <property name="java.vm.info" value="mixed mode, sharing"/>
    <property name="stderr.encoding" value="UTF-8"/>
    <property name="java.vendor" value="Oracle Corporation"/>
    <property name="java.vm.version" value="22.0.2+9-70"/>
    <property name="sun.io.unicode.encoding" value="UnicodeBig"/>
    <property name="socksNonProxyHosts" value="local|*.local|169.254/16|*.169.254/16"/>
    <property name="java.class.version" value="66.0"/>
  </properties>
  <testcase name="runScenario[&quot;Invalid/Wrong username on login&quot;, &quot;The Internet login&quot;](1)" classname="runner.TestRunner" time="11.785">
    <system-out><![CDATA[
@SmokeTest
Scenario Outline: Wrong password on login                &amp#27;[90m# src/test/resources/feature/login.feature:34&amp#27;[0m

@RegressionTest
Scenario: The Internet initial login                     &amp#27;[90m# src/test/resources/feature/login.feature:7&amp#27;[0m

@RegressionTest @SmokeTest
Scenario Outline: Invalid/Wrong username on login          &amp#27;[90m# src/test/resources/feature/login.feature:23&amp#27;[0m

@SmokeTest @RegressionTest
Scenario Outline: Positive form fillup                                   &amp#27;[90m# src/test/resources/feature/Form.feature:17&amp#27;[0m

@SmokeTest
Scenario Outline: Positive form fillup                                   &amp#27;[90m# src/test/resources/feature/Form.feature:21&amp#27;[0m
  &amp#27;[32mGiven &amp#27;[0m&amp#27;[32muser is on the the internet page&amp#27;[0m                 &amp#27;[90m# stepDefinitions.PositiveAndNegativeLogin.user_is_on_the_the_internet_page()&amp#27;[0m
  &amp#27;[32mGiven &amp#27;[0m&amp#27;[32muser is on the the internet page&amp#27;[0m                 &amp#27;[90m# stepDefinitions.PositiveAndNegativeLogin.user_is_on_the_the_internet_page()&amp#27;[0m
The Internet
  &amp#27;[32mWhen &amp#27;[0m&amp#27;[32mtitle of login page is The Internet&amp#27;[0m               &amp#27;[90m# stepDefinitions.PositiveAndNegativeLogin.title_of_login_page_is_the_internet()&amp#27;[0m
  &amp#27;[32mGiven &amp#27;[0m&amp#27;[32muser is on the the internet page&amp#27;[0m                   &amp#27;[90m# stepDefinitions.PositiveAndNegativeLogin.user_is_on_the_the_internet_page()&amp#27;[0m
  &amp#27;[32mWhen &amp#27;[0m&amp#27;[32muser enters wrong &amp#27;[0m&amp#27;[32m&amp#27;[1mtomsmith&amp#27;[0m&amp#27;[32m and &amp#27;[0m&amp#27;[32m&amp#27;[1mwrongpass&amp#27;[0m          &amp#27;[90m# stepDefinitions.PositiveAndNegativeLogin.user_enters_wrong_username_and_password(java.lang.String,java.lang.String)&amp#27;[0m
  &amp#27;[32mWhen &amp#27;[0m&amp#27;[32muser enters correct &amp#27;[0m&amp#27;[32m&amp#27;[1mqabhiw&amp#27;[0m&amp#27;[32m but &amp#27;[0m&amp#27;[32m&amp#27;[1mSuperSecretPassword!&amp#27;[0m &amp#27;[90m# stepDefinitions.PositiveAndNegativeLogin.user_enters_correct_username_but_password(java.lang.String,java.lang.String)&amp#27;[0m
  &amp#27;[32mThen &amp#27;[0m&amp#27;[32muser enters "&amp#27;[0m&amp#27;[32m&amp#27;[1mtomsmith&amp#27;[0m&amp#27;[32m" and "&amp#27;[0m&amp#27;[32m&amp#27;[1mSuperSecretPassword!&amp#27;[0m&amp#27;[32m"&amp#27;[0m &amp#27;[90m# stepDefinitions.PositiveAndNegativeLogin.user_enters_username_and_password(java.lang.String,java.lang.String)&amp#27;[0m
  &amp#27;[32mAnd &amp#27;[0m&amp#27;[32muser clicks on login button third&amp#27;[0m                  &amp#27;[90m# stepDefinitions.PositiveAndNegativeLogin.user_clicks_on_login_button_third()&amp#27;[0m
  &amp#27;[32mAnd &amp#27;[0m&amp#27;[32muser clicks on login button second&amp#27;[0m                   &amp#27;[90m# stepDefinitions.PositiveAndNegativeLogin.user_clicks_on_login_button_second()&amp#27;[0m
You cannot login as Your password is invalid!
×
You cannot login as Your username is invalid!
×
  &amp#27;[32mAnd &amp#27;[0m&amp#27;[32muser clicks on login button first&amp#27;[0m                  &amp#27;[90m# stepDefinitions.PositiveAndNegativeLogin.user_clicks_on_login_button_first()&amp#27;[0m
login success You logged into a secure area!
×
  &amp#27;[32mThen &amp#27;[0m&amp#27;[32muser login fail with error message at the top one&amp#27;[0m   &amp#27;[90m# stepDefinitions.PositiveAndNegativeLogin.user_login_fail_with_error_message_at_the_top_one()&amp#27;[0m
]]></system-out>
    <system-err><![CDATA[SLF4J: Failed to load class "org.slf4j.impl.StaticLoggerBinder".
SLF4J: Defaulting to no-operation (NOP) logger implementation
SLF4J: See http://www.slf4j.org/codes.html#StaticLoggerBinder for further details.
]]></system-err>
  </testcase>
  <testcase name="runScenario[&quot;Wrong password on login&quot;, &quot;The Internet login&quot;](2)" classname="runner.TestRunner" time="11.849">
    <system-out><![CDATA[  &amp#27;[32mThen &amp#27;[0m&amp#27;[32muser login fail with error message at the top two&amp#27;[0m &amp#27;[90m# stepDefinitions.PositiveAndNegativeLogin.user_login_fail_with_error_message_at_the_top_two()&amp#27;[0m
]]></system-out>
  </testcase>
  <testcase name="runScenario[&quot;The Internet initial login&quot;, &quot;The Internet login&quot;](3)" classname="runner.TestRunner" time="11.899">
    <system-out><![CDATA[  &amp#27;[32mThen &amp#27;[0m&amp#27;[32muser lands on home page&amp#27;[0m                           &amp#27;[90m# stepDefinitions.PositiveAndNegativeLogin.user_lands_on_home_page()&amp#27;[0m
]]></system-out>
  </testcase>
  <testcase name="runScenario[&quot;Positive form fillup&quot;, &quot;Fill up the form to submit&quot;](4)" classname="runner.TestRunner" time="16.498">
    <failure message="The step &apos;user enters the mandatory name1, ln1, ab@email.com and 9876543210&apos; and 1 other step(s) are undefined.&#10;You can implement these steps using the snippet(s) below:&#10;&#10;@Then(&quot;user enters the mandatory name1, ln1, ab@email.com and {int}&quot;)&#10;public void user_enters_the_mandatory_name1_ln1_ab_email_com_and(Integer int1) {&#10;    // Write code here that turns the phrase above into concrete actions&#10;    throw new io.cucumber.java.PendingException();&#10;}&#10;@Then(&quot;selects their label[for={string}]&quot;)&#10;public void selects_their_label_for(String string) {&#10;    // Write code here that turns the phrase above into concrete actions&#10;    throw new io.cucumber.java.PendingException();&#10;}&#10;" type="io.cucumber.testng.UndefinedStepException"><![CDATA[io.cucumber.testng.UndefinedStepException: 
The step 'user enters the mandatory name1, ln1, ab@email.com and 9876543210' and 1 other step(s) are undefined.
You can implement these steps using the snippet(s) below:

@Then("user enters the mandatory name1, ln1, ab@email.com and {int}")
public void user_enters_the_mandatory_name1_ln1_ab_email_com_and(Integer int1) {
    // Write code here that turns the phrase above into concrete actions
    throw new io.cucumber.java.PendingException();
}
@Then("selects their label[for={string}]")
public void selects_their_label_for(String string) {
    // Write code here that turns the phrase above into concrete actions
    throw new io.cucumber.java.PendingException();
}

	at io.cucumber.core.runtime.TestCaseResultObserver.assertTestCasePassed(TestCaseResultObserver.java:69)
	at io.cucumber.testng.TestCaseResultObserver.assertTestCasePassed(TestCaseResultObserver.java:23)
	at io.cucumber.testng.TestNGCucumberRunner.lambda$runScenario$1(TestNGCucumberRunner.java:136)
	at io.cucumber.core.runtime.CucumberExecutionContext.lambda$runTestCase$5(CucumberExecutionContext.java:136)
	at io.cucumber.core.runtime.RethrowingThrowableCollector.executeAndThrow(RethrowingThrowableCollector.java:23)
	at io.cucumber.core.runtime.CucumberExecutionContext.runTestCase(CucumberExecutionContext.java:136)
	at io.cucumber.testng.TestNGCucumberRunner.runScenario(TestNGCucumberRunner.java:132)
	at io.cucumber.testng.AbstractTestNGCucumberTests.runScenario(AbstractTestNGCucumberTests.java:35)
	at java.base/jdk.internal.reflect.DirectMethodHandleAccessor.invoke(DirectMethodHandleAccessor.java:103)
	at java.base/java.lang.reflect.Method.invoke(Method.java:580)
	at org.testng.internal.invokers.MethodInvocationHelper.invokeMethod(MethodInvocationHelper.java:141)
	at org.testng.internal.invokers.TestInvoker.invokeMethod(TestInvoker.java:686)
	at org.testng.internal.invokers.TestInvoker.invokeTestMethod(TestInvoker.java:230)
	at org.testng.internal.invokers.TestMethodWithDataProviderMethodWorker.call(TestMethodWithDataProviderMethodWorker.java:81)
	at org.testng.internal.thread.Async$AsyncTask.run(Async.java:34)
	at java.base/java.util.concurrent.ThreadPoolExecutor.runWorker(ThreadPoolExecutor.java:1144)
	at java.base/java.util.concurrent.ThreadPoolExecutor$Worker.run(ThreadPoolExecutor.java:642)
	at java.base/java.lang.Thread.run(Thread.java:1570)
]]></failure>
    <system-out><![CDATA[  &amp#27;[32mGiven &amp#27;[0m&amp#27;[32muser is on the demoqa form page&amp#27;[0m                                  &amp#27;[90m# stepDefinitions.demoqaPositiveForm.user_is_on_the_demoqa_form_page()&amp#27;[0m
DEMOQA
  &amp#27;[32mWhen &amp#27;[0m&amp#27;[32mwhere page title is title is DEMOQA&amp#27;[0m                               &amp#27;[90m# stepDefinitions.demoqaPositiveForm.where_page_title_is_title_is_DEMOQA()&amp#27;[0m
  &amp#27;[33mThen &amp#27;[0m&amp#27;[33muser enters the mandatory name1, ln1, ab@email.com and 9876543210&amp#27;[0m
  &amp#27;[36mThen &amp#27;[0m&amp#27;[36mselects their label[for='gender-radio-1']&amp#27;[0m
  &amp#27;[36mAnd &amp#27;[0m&amp#27;[36mclicks on submit button&amp#27;[0m                                            &amp#27;[90m# stepDefinitions.demoqaPositiveForm.clicks_on_submit_button()&amp#27;[0m
  &amp#27;[36mThen &amp#27;[0m&amp#27;[36muser will see pop-up containig their submitted info&amp#27;[0m               &amp#27;[90m# stepDefinitions.demoqaPositiveForm.user_will_see_pop_up_containig_their_submitted_info()&amp#27;[0m
]]></system-out>
  </testcase>
  <testcase name="runScenario[&quot;Positive form fillup&quot;, &quot;Fill up the form to submit&quot;](5)" classname="runner.TestRunner" time="17.278">
    <failure message="The step &apos;user enters the mandatory name2, ln2, cd@email.com and 1234567890&apos; and 1 other step(s) are undefined.&#10;You can implement these steps using the snippet(s) below:&#10;&#10;@Then(&quot;user enters the mandatory name2, ln2, cd@email.com and {int}&quot;)&#10;public void user_enters_the_mandatory_name2_ln2_cd_email_com_and(Integer int1) {&#10;    // Write code here that turns the phrase above into concrete actions&#10;    throw new io.cucumber.java.PendingException();&#10;}&#10;@Then(&quot;selects their label[for={string}]&quot;)&#10;public void selects_their_label_for(String string) {&#10;    // Write code here that turns the phrase above into concrete actions&#10;    throw new io.cucumber.java.PendingException();&#10;}&#10;" type="io.cucumber.testng.UndefinedStepException"><![CDATA[io.cucumber.testng.UndefinedStepException: 
The step 'user enters the mandatory name2, ln2, cd@email.com and 1234567890' and 1 other step(s) are undefined.
You can implement these steps using the snippet(s) below:

@Then("user enters the mandatory name2, ln2, cd@email.com and {int}")
public void user_enters_the_mandatory_name2_ln2_cd_email_com_and(Integer int1) {
    // Write code here that turns the phrase above into concrete actions
    throw new io.cucumber.java.PendingException();
}
@Then("selects their label[for={string}]")
public void selects_their_label_for(String string) {
    // Write code here that turns the phrase above into concrete actions
    throw new io.cucumber.java.PendingException();
}

	at io.cucumber.core.runtime.TestCaseResultObserver.assertTestCasePassed(TestCaseResultObserver.java:69)
	at io.cucumber.testng.TestCaseResultObserver.assertTestCasePassed(TestCaseResultObserver.java:23)
	at io.cucumber.testng.TestNGCucumberRunner.lambda$runScenario$1(TestNGCucumberRunner.java:136)
	at io.cucumber.core.runtime.CucumberExecutionContext.lambda$runTestCase$5(CucumberExecutionContext.java:136)
	at io.cucumber.core.runtime.RethrowingThrowableCollector.executeAndThrow(RethrowingThrowableCollector.java:23)
	at io.cucumber.core.runtime.CucumberExecutionContext.runTestCase(CucumberExecutionContext.java:136)
	at io.cucumber.testng.TestNGCucumberRunner.runScenario(TestNGCucumberRunner.java:132)
	at io.cucumber.testng.AbstractTestNGCucumberTests.runScenario(AbstractTestNGCucumberTests.java:35)
	at java.base/jdk.internal.reflect.DirectMethodHandleAccessor.invoke(DirectMethodHandleAccessor.java:103)
	at java.base/java.lang.reflect.Method.invoke(Method.java:580)
	at org.testng.internal.invokers.MethodInvocationHelper.invokeMethod(MethodInvocationHelper.java:141)
	at org.testng.internal.invokers.TestInvoker.invokeMethod(TestInvoker.java:686)
	at org.testng.internal.invokers.TestInvoker.invokeTestMethod(TestInvoker.java:230)
	at org.testng.internal.invokers.TestMethodWithDataProviderMethodWorker.call(TestMethodWithDataProviderMethodWorker.java:81)
	at org.testng.internal.thread.Async$AsyncTask.run(Async.java:34)
	at java.base/java.util.concurrent.ThreadPoolExecutor.runWorker(ThreadPoolExecutor.java:1144)
	at java.base/java.util.concurrent.ThreadPoolExecutor$Worker.run(ThreadPoolExecutor.java:642)
	at java.base/java.lang.Thread.run(Thread.java:1570)
]]></failure>
    <system-out><![CDATA[  &amp#27;[32mGiven &amp#27;[0m&amp#27;[32muser is on the demoqa form page&amp#27;[0m                                  &amp#27;[90m# stepDefinitions.demoqaPositiveForm.user_is_on_the_demoqa_form_page()&amp#27;[0m
DEMOQA
  &amp#27;[32mWhen &amp#27;[0m&amp#27;[32mwhere page title is title is DEMOQA&amp#27;[0m                               &amp#27;[90m# stepDefinitions.demoqaPositiveForm.where_page_title_is_title_is_DEMOQA()&amp#27;[0m
  &amp#27;[33mThen &amp#27;[0m&amp#27;[33muser enters the mandatory name2, ln2, cd@email.com and 1234567890&amp#27;[0m
  &amp#27;[36mThen &amp#27;[0m&amp#27;[36mselects their label[for='gender-radio-2']&amp#27;[0m
  &amp#27;[36mAnd &amp#27;[0m&amp#27;[36mclicks on submit button&amp#27;[0m                                            &amp#27;[90m# stepDefinitions.demoqaPositiveForm.clicks_on_submit_button()&amp#27;[0m
  &amp#27;[36mThen &amp#27;[0m&amp#27;[36muser will see pop-up containig their submitted info&amp#27;[0m               &amp#27;[90m# stepDefinitions.demoqaPositiveForm.user_will_see_pop_up_containig_their_submitted_info()&amp#27;[0m
]]></system-out>
  </testcase>
</testsuite>