<?xml version="1.0" encoding="UTF-8"?>
<!-- Generated by org.testng.reporters.JUnitReportReporter -->
<testsuite hostname="Abhisheks-MacBook-Air.local" failures="0" tests="3" name="runner.TestRunner" time="19.569" errors="0" timestamp="2024-11-04T02:13:49 IST" skipped="0">
  <testcase classname="runner.TestRunner" name="runScenario" time="6.463"/>
  <testcase classname="runner.TestRunner" name="runScenario" time="6.201"/>
  <testcase classname="runner.TestRunner" name="runScenario" time="6.905"/>
</testsuite> <!-- runner.TestRunner -->
