<?xml version="1.0" encoding="UTF-8"?>
<!-- Generated by org.testng.reporters.JUnitReportReporter -->
<testsuite hostname="Abhisheks-MacBook-Air.local" failures="0" tests="3" name="parallel.ParallelRunner" time="24.837" errors="0" timestamp="2024-11-04T17:00:17 IST" skipped="0">
  <testcase classname="parallel.ParallelRunner" name="runScenario" time="7.632"/>
  <testcase classname="parallel.ParallelRunner" name="runScenario" time="8.679"/>
  <testcase classname="parallel.ParallelRunner" name="runScenario" time="8.526"/>
</testsuite> <!-- parallel.ParallelRunner -->
